<?xml version="1.0" encoding="UTF-8"?>
<!-- Generated by org.testng.reporters.JUnitReportReporter -->
<testsuite hostname="LAPTOP-5M0SOMV8" failures="0" tests="4" name="listenerStudy.TestClass2" time="0.025" errors="0" timestamp="2022-07-04T14:26:01 IST" skipped="0">
  <testcase classname="listenerStudy.TestClass2" name="myMethod4" time="0.011"/>
  <system-out>
    <![CDATA[myMethod4 is running]]>
  </system-out>
  <testcase classname="listenerStudy.TestClass2" name="myMethod6" time="0.005"/>
  <system-out>
    <![CDATA[myMethod6 is running]]>
  </system-out>
  <testcase classname="listenerStudy.TestClass2" name="myMethod5" time="0.004"/>
  <system-out>
    <![CDATA[myMethod5 is running]]>
  </system-out>
  <testcase classname="listenerStudy.TestClass2" name="myMethod7" time="0.005"/>
  <system-out>
    <![CDATA[myMethod7 is running]]>
  </system-out>
</testsuite> <!-- listenerStudy.TestClass2 -->
