<?xml version="1.0" encoding="UTF-8"?>
<!-- Generated by org.testng.reporters.JUnitReportReporter -->
<testsuite hostname="LAPTOP-5M0SOMV8" failures="0" tests="1" name="verificationUsingTestng.VerifyRadioButton" time="12.314" errors="0" timestamp="2022-06-27T21:18:36 IST" skipped="0">
  <testcase classname="verificationUsingTestng.VerifyRadioButton" name="myMethod" time="12.314"/>
  <system-out/>
</testsuite> <!-- verificationUsingTestng.VerifyRadioButton -->
