<?xml version="1.0" encoding="UTF-8"?>
<!-- Generated by org.testng.reporters.JUnitReportReporter -->
<testsuite hostname="LAPTOP-5M0SOMV8" failures="0" tests="5" name="testNGkeyWords.InvocationCount" time="0.023" errors="0" timestamp="2022-06-22T14:58:58 IST" skipped="0">
  <testcase classname="testNGkeyWords.InvocationCount" name="myTest" time="0.003"/>
  <system-out>
    <![CDATA[Hi mister RATHOD]]>
  </system-out>
  <testcase classname="testNGkeyWords.InvocationCount" name="myTest" time="0.003"/>
  <system-out>
    <![CDATA[Hi mister RATHOD]]>
  </system-out>
  <testcase classname="testNGkeyWords.InvocationCount" name="myTest" time="0.007"/>
  <system-out>
    <![CDATA[Hi mister RATHOD]]>
  </system-out>
  <testcase classname="testNGkeyWords.InvocationCount" name="myTest" time="0.008"/>
  <system-out>
    <![CDATA[Hi mister RATHOD]]>
  </system-out>
  <testcase classname="testNGkeyWords.InvocationCount" name="myTest" time="0.002"/>
  <system-out>
    <![CDATA[Hi mister RATHOD]]>
  </system-out>
</testsuite> <!-- testNGkeyWords.InvocationCount -->
