<?xml version="1.0" encoding="UTF-8"?>
<!-- Generated by org.testng.reporters.JUnitReportReporter -->
<testsuite hostname="LAPTOP-5M0SOMV8" failures="0" tests="4" name="listenerStudy.TestClass" time="0.005" errors="0" timestamp="2022-07-04T14:26:01 IST" skipped="0">
  <testcase classname="listenerStudy.TestClass" name="myMethod2" time="0.002"/>
  <system-out>
    <![CDATA[myMethod2 is running]]>
  </system-out>
  <testcase classname="listenerStudy.TestClass" name="myMethod1" time="0.001"/>
  <system-out>
    <![CDATA[myMethod1 is running]]>
  </system-out>
  <testcase classname="listenerStudy.TestClass" name="myMethod3" time="0.000"/>
  <system-out>
    <![CDATA[myMethod3 is running]]>
  </system-out>
  <testcase classname="listenerStudy.TestClass" name="myMethod" time="0.002"/>
  <system-out>
    <![CDATA[myMethod is running]]>
  </system-out>
</testsuite> <!-- listenerStudy.TestClass -->
