<?xml version="1.0" encoding="UTF-8"?>
<!-- Generated by org.testng.reporters.JUnitReportReporter -->
<testsuite hostname="LAPTOP-5M0SOMV8" failures="0" tests="1" name="grouping.MyTestClass2" time="0.003" errors="0" timestamp="2022-06-27T14:25:57 IST" skipped="0">
  <testcase classname="grouping.MyTestClass2" name="o" time="0.003"/>
  <system-out>
    <![CDATA[o is running sanity]]>
  </system-out>
</testsuite> <!-- grouping.MyTestClass2 -->
