<?xml version="1.0" encoding="UTF-8"?>
<!-- Generated by org.testng.reporters.JUnitReportReporter -->
<testsuite hostname="LAPTOP-5M0SOMV8" failures="0" tests="1" name="verificationUsingTestng.AssertEqualsUse" time="0.012" errors="0" timestamp="2022-06-28T15:22:34 IST" skipped="0">
  <testcase classname="verificationUsingTestng.AssertEqualsUse" name="myMethod" time="0.012"/>
  <system-out>
    <![CDATA[a and b values are not matching tc passed]]>
  </system-out>
</testsuite> <!-- verificationUsingTestng.AssertEqualsUse -->
