<?xml version="1.0" encoding="UTF-8"?>
<!-- Generated by org.testng.reporters.JUnitReportReporter -->
<testsuite hostname="LAPTOP-5M0SOMV8" failures="0" tests="1" name="crossBrowserTest.Firefox" time="13.542" errors="0" timestamp="2022-07-06T22:45:17 IST" skipped="0">
  <testcase classname="crossBrowserTest.Firefox" name="myMethod" time="13.542"/>
  <system-out/>
</testsuite> <!-- crossBrowserTest.Firefox -->
