<?xml version="1.0" encoding="UTF-8"?>
<!-- Generated by org.testng.reporters.JUnitReportReporter -->
<testsuite hostname="LAPTOP-5M0SOMV8" failures="0" tests="2" name="testNGstudy.MyTestClass" time="13.716" errors="0" timestamp="2022-06-22T14:33:27 IST" skipped="0">
  <testcase classname="testNGstudy.MyTestClass" name="myMethod4" time="6.600"/>
  <system-out/>
  <testcase classname="testNGstudy.MyTestClass" name="myMethod3" time="7.116"/>
  <system-out/>
</testsuite> <!-- testNGstudy.MyTestClass -->
