<?xml version="1.0" encoding="UTF-8"?>
<!-- Generated by org.testng.reporters.JUnitReportReporter -->
<testsuite hostname="LAPTOP-5M0SOMV8" failures="0" tests="1" name="KiteTest.ValidateKiteUserID" time="3.163" errors="0" timestamp="2022-07-02T00:46:07 IST" skipped="0">
  <testcase classname="KiteTest.ValidateKiteUserID" name="validateUserID" time="3.163"/>
  <system-out/>
</testsuite> <!-- KiteTest.ValidateKiteUserID -->
