<?xml version="1.0" encoding="UTF-8"?>
<!-- Generated by org.testng.reporters.JUnitReportReporter -->
<testsuite hostname="LAPTOP-5M0SOMV8" failures="0" tests="2" name="testNGstudy.Example1TestNG" time="17.709" errors="0" timestamp="2022-06-22T13:40:41 IST" skipped="0">
  <testcase classname="testNGstudy.Example1TestNG" name="myMethod" time="10.446"/>
  <system-out>
    <![CDATA[Hi method is running this is reported output
Hi method is working this is reported output]]>
  </system-out>
  <testcase classname="testNGstudy.Example1TestNG" name="myMethod1" time="7.263"/>
  <system-out>
    <![CDATA[this is reported by output]]>
  </system-out>
</testsuite> <!-- testNGstudy.Example1TestNG -->
