<?xml version="1.0" encoding="UTF-8"?>
<!-- Generated by org.testng.reporters.JUnitReportReporter -->
<testsuite hostname="LAPTOP-5M0SOMV8" failures="0" tests="1" name="testNGstudy.AnnoTationStudy1" time="0.002" errors="0" timestamp="2022-06-23T14:13:50 IST" skipped="0">
  <testcase classname="testNGstudy.AnnoTationStudy1" name="PaymentOption" time="0.002"/>
  <system-out>
    <![CDATA[Payment is done]]>
  </system-out>
</testsuite> <!-- testNGstudy.AnnoTationStudy1 -->
