<?xml version="1.0" encoding="UTF-8"?>
<!-- Generated by org.testng.reporters.JUnitReportReporter -->
<testsuite hostname="LAPTOP-5M0SOMV8" failures="0" tests="2" name="testNGstudy.AnnoTationStudy" time="0.009" errors="0" timestamp="2022-06-23T14:13:50 IST" skipped="0">
  <testcase classname="testNGstudy.AnnoTationStudy" name="ValidateUserID" time="0.007"/>
  <system-out>
    <![CDATA[User ID is validated]]>
  </system-out>
  <testcase classname="testNGstudy.AnnoTationStudy" name="validateDashBoard" time="0.002"/>
  <system-out>
    <![CDATA[DashBoard is validated]]>
  </system-out>
</testsuite> <!-- testNGstudy.AnnoTationStudy -->
