<?xml version="1.0" encoding="UTF-8"?>
<!-- Generated by org.testng.reporters.JUnitReportReporter -->
<testsuite hostname="LAPTOP-5M0SOMV8" failures="0" tests="1" name="parallelAndserialExecution.MyClass1" time="10.201" errors="0" timestamp="2022-06-25T19:35:29 IST" skipped="0">
  <testcase classname="parallelAndserialExecution.MyClass1" name="myMethod" time="10.201"/>
  <system-out/>
</testsuite> <!-- parallelAndserialExecution.MyClass1 -->
