<?xml version="1.0" encoding="UTF-8"?>
<!-- Generated by org.testng.reporters.JUnitReportReporter -->
<testsuite hostname="LAPTOP-5M0SOMV8" failures="0" tests="1" name="KitePOMUsingTestNG.ValidateKiteAppUserName" time="2.968" errors="0" timestamp="2022-07-02T22:48:51 IST" skipped="0">
  <testcase classname="KitePOMUsingTestNG.ValidateKiteAppUserName" name="validateUserName" time="2.968"/>
  <system-out>
    <![CDATA[validate username
actual and expected UN are matching tc passed]]>
  </system-out>
</testsuite> <!-- KitePOMUsingTestNG.ValidateKiteAppUserName -->
