<?xml version="1.0" encoding="UTF-8"?>
<!-- Generated by org.testng.reporters.JUnitReportReporter -->
<testsuite hostname="LAPTOP-5M0SOMV8" failures="0" tests="1" name="IncludeExclude.MyTestClass" time="0.014" errors="0" timestamp="2022-06-23T15:17:19 IST" skipped="0">
  <testcase classname="IncludeExclude.MyTestClass" name="a" time="0.014"/>
  <system-out>
    <![CDATA[a is running]]>
  </system-out>
</testsuite> <!-- IncludeExclude.MyTestClass -->
