<?xml version="1.0" encoding="UTF-8"?>
<!-- Generated by org.testng.reporters.JUnitReportReporter -->
<testsuite hostname="LAPTOP-5M0SOMV8" failures="0" tests="3" name="testNGkeyWords.TimeOutKeyWords" time="0.218" errors="0" timestamp="2022-06-23T13:42:14 IST" skipped="0">
  <testcase classname="testNGkeyWords.TimeOutKeyWords" name="v" time="0.208"/>
  <system-out>
    <![CDATA[v is running]]>
  </system-out>
  <testcase classname="testNGkeyWords.TimeOutKeyWords" name="p" time="0.002"/>
  <system-out>
    <![CDATA[p is running]]>
  </system-out>
  <testcase classname="testNGkeyWords.TimeOutKeyWords" name="a" time="0.008"/>
  <system-out>
    <![CDATA[a is running]]>
  </system-out>
</testsuite> <!-- testNGkeyWords.TimeOutKeyWords -->
