<?xml version="1.0" encoding="UTF-8"?>
<!-- Generated by org.testng.reporters.JUnitReportReporter -->
<testsuite hostname="LAPTOP-5M0SOMV8" failures="0" tests="3" name="testNGkeyWords.EnableKeyWords" time="0.014" errors="0" timestamp="2022-06-23T13:36:25 IST" skipped="1">
  <testcase classname="testNGkeyWords.EnableKeyWords" name="a" time="0.011"/>
  <system-out>
    <![CDATA[a is running]]>
  </system-out>
  <testcase classname="testNGkeyWords.EnableKeyWords" name="p" time="0.003"/>
  <system-out>
    <![CDATA[p is running]]>
  </system-out>
  <testcase classname="testNGkeyWords.EnableKeyWords" name="v">
    <skipped/>
  </testcase> <!-- v -->
  <system-out/>
</testsuite> <!-- testNGkeyWords.EnableKeyWords -->
