<?xml version="1.0" encoding="UTF-8"?>
<!-- Generated by org.testng.reporters.JUnitReportReporter -->
<testsuite hostname="LAPTOP-5M0SOMV8" failures="0" tests="1" name="grouping.MyTestClass1" time="0.024" errors="0" timestamp="2022-06-27T14:30:27 IST" skipped="0">
  <testcase classname="grouping.MyTestClass1" name="a" time="0.024"/>
  <system-out>
    <![CDATA[a is running sanity]]>
  </system-out>
</testsuite> <!-- grouping.MyTestClass1 -->
