<?xml version="1.0" encoding="UTF-8"?>
<!-- Generated by org.testng.reporters.JUnitReportReporter -->
<testsuite hostname="LAPTOP-5M0SOMV8" failures="0" tests="1" name="verificationUsingTestng.AssertTrueUse" time="0.027" errors="0" timestamp="2022-06-28T15:32:04 IST" skipped="0">
  <testcase classname="verificationUsingTestng.AssertTrueUse" name="myMethod" time="0.027"/>
  <system-out>
    <![CDATA[tc is passed value is false]]>
  </system-out>
</testsuite> <!-- verificationUsingTestng.AssertTrueUse -->
