<?xml version="1.0" encoding="UTF-8"?>
<!-- Generated by org.testng.reporters.JUnitReportReporter -->
<testsuite hostname="LAPTOP-5M0SOMV8" failures="0" tests="3" name="testNGkeyWords.PriorityKeyWords" time="0.018" errors="0" timestamp="2022-06-23T13:33:22 IST" skipped="0">
  <testcase classname="testNGkeyWords.PriorityKeyWords" name="p" time="0.009"/>
  <system-out>
    <![CDATA[p is running]]>
  </system-out>
  <testcase classname="testNGkeyWords.PriorityKeyWords" name="a" time="0.007"/>
  <system-out>
    <![CDATA[a is running]]>
  </system-out>
  <testcase classname="testNGkeyWords.PriorityKeyWords" name="v" time="0.002"/>
  <system-out>
    <![CDATA[v is running]]>
  </system-out>
</testsuite> <!-- testNGkeyWords.PriorityKeyWords -->
