<?xml version="1.0" encoding="UTF-8"?>
<!-- Generated by org.testng.reporters.JUnitReportReporter -->
<testsuite hostname="LAPTOP-5M0SOMV8" failures="0" tests="3" name="testNGkeyWords.DependsOnMethods" time="0.010" errors="0" timestamp="2022-06-23T13:49:40 IST" skipped="0">
  <testcase classname="testNGkeyWords.DependsOnMethods" name="a" time="0.001"/>
  <system-out>
    <![CDATA[a is running]]>
  </system-out>
  <testcase classname="testNGkeyWords.DependsOnMethods" name="p" time="0.007"/>
  <system-out>
    <![CDATA[p is running]]>
  </system-out>
  <testcase classname="testNGkeyWords.DependsOnMethods" name="v" time="0.002"/>
  <system-out>
    <![CDATA[v is running]]>
  </system-out>
</testsuite> <!-- testNGkeyWords.DependsOnMethods -->
