<?xml version="1.0" encoding="UTF-8"?>
<!-- Generated by org.testng.reporters.JUnitReportReporter -->
<testsuite hostname="LAPTOP-5M0SOMV8" failures="0" tests="1" name="KiteTest.ValidateKiteUserIDUsingProperty" time="2.972" errors="0" timestamp="2022-07-04T15:04:26 IST" skipped="0">
  <testcase classname="KiteTest.ValidateKiteUserIDUsingProperty" name="validateUserID" time="2.972"/>
  <system-out/>
</testsuite> <!-- KiteTest.ValidateKiteUserIDUsingProperty -->
