<?xml version="1.0" encoding="UTF-8"?>
<!-- Generated by org.testng.reporters.JUnitReportReporter -->
<testsuite hostname="LAPTOP-5M0SOMV8" failures="0" tests="1" name="KiteTest.ValidateKiteUserIDByListener" time="5.567" errors="0" timestamp="2022-07-04T21:03:03 IST" skipped="0">
  <testcase classname="KiteTest.ValidateKiteUserIDByListener" name="validateUserID" time="5.567"/>
  <system-out>
    <![CDATA[tc is passed TC name isvalidateUserID]]>
  </system-out>
</testsuite> <!-- KiteTest.ValidateKiteUserIDByListener -->
