<?xml version="1.0" encoding="UTF-8"?>
<!-- Generated by org.testng.reporters.JUnitReportReporter -->
<testsuite hostname="LAPTOP-5M0SOMV8" failures="0" tests="2" name="IncludeExclude.MyTestClass1" time="0.005" errors="0" timestamp="2022-06-23T15:17:19 IST" skipped="0">
  <testcase classname="IncludeExclude.MyTestClass1" name="p" time="0.001"/>
  <system-out>
    <![CDATA[p is running]]>
  </system-out>
  <testcase classname="IncludeExclude.MyTestClass1" name="a" time="0.004"/>
  <system-out>
    <![CDATA[a is running]]>
  </system-out>
</testsuite> <!-- IncludeExclude.MyTestClass1 -->
